# github.com/PowerDNS/lmdb-go/lmdb
warning: unknown warning option '-Wno-stringop-overflow'; did you mean '-Wno-shift-overflow'? [-Wunknown-warning-option]
# github.com/PowerDNS/lmdb-go/lmdb
warning: unknown warning option '-Wno-stringop-overflow'; did you mean '-Wno-shift-overflow'? [-Wunknown-warning-option]
# github.com/PowerDNS/lmdb-go/lmdb
warning: unknown warning option '-Wno-stringop-overflow'; did you mean '-Wno-shift-overflow'? [-Wunknown-warning-option]
# github.com/PowerDNS/lmdb-go/lmdb
warning: unknown warning option '-Wno-stringop-overflow'; did you mean '-Wno-shift-overflow'? [-Wunknown-warning-option]
# github.com/PowerDNS/lmdb-go/lmdb
warning: unknown warning option '-Wno-stringop-overflow'; did you mean '-Wno-shift-overflow'? [-Wunknown-warning-option]
# github.com/PowerDNS/lmdb-go/lmdb
warning: unknown warning option '-Wno-stringop-overflow'; did you mean '-Wno-shift-overflow'? [-Wunknown-warning-option]
# github.com/PowerDNS/lmdb-go/lmdb
warning: unknown warning option '-Wno-stringop-overflow'; did you mean '-Wno-shift-overflow'? [-Wunknown-warning-option]
# github.com/PowerDNS/lmdb-go/lmdb
warning: unknown warning option '-Wno-stringop-overflow'; did you mean '-Wno-shift-overflow'? [-Wunknown-warning-option]
# github.com/PowerDNS/lmdb-go/lmdb
warning: unknown warning option '-Wno-stringop-overflow'; did you mean '-Wno-shift-overflow'? [-Wunknown-warning-option]
# github.com/PowerDNS/lmdb-go/lmdb
warning: unknown warning option '-Wno-stringop-overflow'; did you mean '-Wno-shift-overflow'? [-Wunknown-warning-option]
# github.com/PowerDNS/lmdb-go/lmdb
warning: unknown warning option '-Wno-stringop-overflow'; did you mean '-Wno-shift-overflow'? [-Wunknown-warning-option]
# github.com/PowerDNS/lmdb-go/lmdb
warning: unknown warning option '-Wno-stringop-overflow'; did you mean '-Wno-shift-overflow'? [-Wunknown-warning-option]
# github.com/PowerDNS/lmdb-go/lmdb
warning: unknown warning option '-Wno-stringop-overflow'; did you mean '-Wno-shift-overflow'? [-Wunknown-warning-option]
sh: ../oxchat_go_relay: No such file or directory
# github.com/PowerDNS/lmdb-go/lmdb
warning: unknown warning option '-Wno-stringop-overflow'; did you mean '-Wno-shift-overflow'? [-Wunknown-warning-option]
# github.com/PowerDNS/lmdb-go/lmdb
warning: unknown warning option '-Wno-stringop-overflow'; did you mean '-Wno-shift-overflow'? [-Wunknown-warning-option]
# github.com/PowerDNS/lmdb-go/lmdb
warning: unknown warning option '-Wno-stringop-overflow'; did you mean '-Wno-shift-overflow'? [-Wunknown-warning-option]
# github.com/PowerDNS/lmdb-go/lmdb
warning: unknown warning option '-Wno-stringop-overflow'; did you mean '-Wno-shift-overflow'? [-Wunknown-warning-option]
# github.com/PowerDNS/lmdb-go/lmdb
warning: unknown warning option '-Wno-stringop-overflow'; did you mean '-Wno-shift-overflow'? [-Wunknown-warning-option]
# github.com/PowerDNS/lmdb-go/lmdb
warning: unknown warning option '-Wno-stringop-overflow'; did you mean '-Wno-shift-overflow'? [-Wunknown-warning-option]
# github.com/PowerDNS/lmdb-go/lmdb
warning: unknown warning option '-Wno-stringop-overflow'; did you mean '-Wno-shift-overflow'? [-Wunknown-warning-option]
# github.com/PowerDNS/lmdb-go/lmdb
warning: unknown warning option '-Wno-stringop-overflow'; did you mean '-Wno-shift-overflow'? [-Wunknown-warning-option]
# github.com/PowerDNS/lmdb-go/lmdb
warning: unknown warning option '-Wno-stringop-overflow'; did you mean '-Wno-shift-overflow'? [-Wunknown-warning-option]
# github.com/PowerDNS/lmdb-go/lmdb
warning: unknown warning option '-Wno-stringop-overflow'; did you mean '-Wno-shift-overflow'? [-Wunknown-warning-option]
# github.com/PowerDNS/lmdb-go/lmdb
warning: unknown warning option '-Wno-stringop-overflow'; did you mean '-Wno-shift-overflow'? [-Wunknown-warning-option]
# github.com/PowerDNS/lmdb-go/lmdb
warning: unknown warning option '-Wno-stringop-overflow'; did you mean '-Wno-shift-overflow'? [-Wunknown-warning-option]
# github.com/PowerDNS/lmdb-go/lmdb
warning: unknown warning option '-Wno-stringop-overflow'; did you mean '-Wno-shift-overflow'? [-Wunknown-warning-option]
./oxchat_go_relay: ./oxchat_go_relay: cannot execute binary file
# github.com/PowerDNS/lmdb-go/lmdb
warning: unknown warning option '-Wno-stringop-overflow'; did you mean '-Wno-shift-overflow'? [-Wunknown-warning-option]
# github.com/PowerDNS/lmdb-go/lmdb
warning: unknown warning option '-Wno-stringop-overflow'; did you mean '-Wno-shift-overflow'? [-Wunknown-warning-option]
# github.com/PowerDNS/lmdb-go/lmdb
warning: unknown warning option '-Wno-stringop-overflow'; did you mean '-Wno-shift-overflow'? [-Wunknown-warning-option]
# github.com/PowerDNS/lmdb-go/lmdb
warning: unknown warning option '-Wno-stringop-overflow'; did you mean '-Wno-shift-overflow'? [-Wunknown-warning-option]
# github.com/PowerDNS/lmdb-go/lmdb
warning: unknown warning option '-Wno-stringop-overflow'; did you mean '-Wno-shift-overflow'? [-Wunknown-warning-option]
# github.com/PowerDNS/lmdb-go/lmdb
warning: unknown warning option '-Wno-stringop-overflow'; did you mean '-Wno-shift-overflow'? [-Wunknown-warning-option]
# github.com/PowerDNS/lmdb-go/lmdb
warning: unknown warning option '-Wno-stringop-overflow'; did you mean '-Wno-shift-overflow'? [-Wunknown-warning-option]
# github.com/PowerDNS/lmdb-go/lmdb
warning: unknown warning option '-Wno-stringop-overflow'; did you mean '-Wno-shift-overflow'? [-Wunknown-warning-option]
# github.com/PowerDNS/lmdb-go/lmdb
warning: unknown warning option '-Wno-stringop-overflow'; did you mean '-Wno-shift-overflow'? [-Wunknown-warning-option]
# github.com/PowerDNS/lmdb-go/lmdb
warning: unknown warning option '-Wno-stringop-overflow'; did you mean '-Wno-shift-overflow'? [-Wunknown-warning-option]
# github.com/PowerDNS/lmdb-go/lmdb
warning: unknown warning option '-Wno-stringop-overflow'; did you mean '-Wno-shift-overflow'? [-Wunknown-warning-option]
# github.com/PowerDNS/lmdb-go/lmdb
warning: unknown warning option '-Wno-stringop-overflow'; did you mean '-Wno-shift-overflow'? [-Wunknown-warning-option]
# github.com/PowerDNS/lmdb-go/lmdb
warning: unknown warning option '-Wno-stringop-overflow'; did you mean '-Wno-shift-overflow'? [-Wunknown-warning-option]
# github.com/PowerDNS/lmdb-go/lmdb
warning: unknown warning option '-Wno-stringop-overflow'; did you mean '-Wno-shift-overflow'? [-Wunknown-warning-option]
# github.com/PowerDNS/lmdb-go/lmdb
warning: unknown warning option '-Wno-stringop-overflow'; did you mean '-Wno-shift-overflow'? [-Wunknown-warning-option]
# github.com/PowerDNS/lmdb-go/lmdb
warning: unknown warning option '-Wno-stringop-overflow'; did you mean '-Wno-shift-overflow'? [-Wunknown-warning-option]
# github.com/PowerDNS/lmdb-go/lmdb
warning: unknown warning option '-Wno-stringop-overflow'; did you mean '-Wno-shift-overflow'? [-Wunknown-warning-option]
# github.com/PowerDNS/lmdb-go/lmdb
warning: unknown warning option '-Wno-stringop-overflow'; did you mean '-Wno-shift-overflow'? [-Wunknown-warning-option]
# github.com/PowerDNS/lmdb-go/lmdb
warning: unknown warning option '-Wno-stringop-overflow'; did you mean '-Wno-shift-overflow'? [-Wunknown-warning-option]
# github.com/PowerDNS/lmdb-go/lmdb
warning: unknown warning option '-Wno-stringop-overflow'; did you mean '-Wno-shift-overflow'? [-Wunknown-warning-option]
# github.com/PowerDNS/lmdb-go/lmdb
warning: unknown warning option '-Wno-stringop-overflow'; did you mean '-Wno-shift-overflow'? [-Wunknown-warning-option]
# github.com/PowerDNS/lmdb-go/lmdb
warning: unknown warning option '-Wno-stringop-overflow'; did you mean '-Wno-shift-overflow'? [-Wunknown-warning-option]
# github.com/PowerDNS/lmdb-go/lmdb
warning: unknown warning option '-Wno-stringop-overflow'; did you mean '-Wno-shift-overflow'? [-Wunknown-warning-option]
# github.com/PowerDNS/lmdb-go/lmdb
warning: unknown warning option '-Wno-stringop-overflow'; did you mean '-Wno-shift-overflow'? [-Wunknown-warning-option]
# github.com/PowerDNS/lmdb-go/lmdb
warning: unknown warning option '-Wno-stringop-overflow'; did you mean '-Wno-shift-overflow'? [-Wunknown-warning-option]
# github.com/PowerDNS/lmdb-go/lmdb
warning: unknown warning option '-Wno-stringop-overflow'; did you mean '-Wno-shift-overflow'? [-Wunknown-warning-option]
./start.sh: line 5: 16173 Killed: 9               ./oxchat_go_relay
# github.com/PowerDNS/lmdb-go/lmdb
warning: unknown warning option '-Wno-stringop-overflow'; did you mean '-Wno-shift-overflow'? [-Wunknown-warning-option]
# github.com/PowerDNS/lmdb-go/lmdb
warning: unknown warning option '-Wno-stringop-overflow'; did you mean '-Wno-shift-overflow'? [-Wunknown-warning-option]
# github.com/PowerDNS/lmdb-go/lmdb
warning: unknown warning option '-Wno-stringop-overflow'; did you mean '-Wno-shift-overflow'? [-Wunknown-warning-option]
# github.com/PowerDNS/lmdb-go/lmdb
warning: unknown warning option '-Wno-stringop-overflow'; did you mean '-Wno-shift-overflow'? [-Wunknown-warning-option]
# github.com/PowerDNS/lmdb-go/lmdb
warning: unknown warning option '-Wno-stringop-overflow'; did you mean '-Wno-shift-overflow'? [-Wunknown-warning-option]
# github.com/PowerDNS/lmdb-go/lmdb
warning: unknown warning option '-Wno-stringop-overflow'; did you mean '-Wno-shift-overflow'? [-Wunknown-warning-option]
# github.com/PowerDNS/lmdb-go/lmdb
warning: unknown warning option '-Wno-stringop-overflow'; did you mean '-Wno-shift-overflow'? [-Wunknown-warning-option]
# github.com/PowerDNS/lmdb-go/lmdb
warning: unknown warning option '-Wno-stringop-overflow'; did you mean '-Wno-shift-overflow'? [-Wunknown-warning-option]
# github.com/PowerDNS/lmdb-go/lmdb
warning: unknown warning option '-Wno-stringop-overflow'; did you mean '-Wno-shift-overflow'? [-Wunknown-warning-option]
# github.com/PowerDNS/lmdb-go/lmdb
warning: unknown warning option '-Wno-stringop-overflow'; did you mean '-Wno-shift-overflow'? [-Wunknown-warning-option]
# github.com/PowerDNS/lmdb-go/lmdb
warning: unknown warning option '-Wno-stringop-overflow'; did you mean '-Wno-shift-overflow'? [-Wunknown-warning-option]
# github.com/PowerDNS/lmdb-go/lmdb
warning: unknown warning option '-Wno-stringop-overflow'; did you mean '-Wno-shift-overflow'? [-Wunknown-warning-option]
# github.com/PowerDNS/lmdb-go/lmdb
warning: unknown warning option '-Wno-stringop-overflow'; did you mean '-Wno-shift-overflow'? [-Wunknown-warning-option]
./start.sh: line 5: 16904 Killed: 9               ./oxchat_go_relay
